This is pdfTeX, Version 3.141592653-2.6-1.40.24 (TeX Live 2022) (preloaded format=pdflatex 2025.7.14)  17 JUL 2025 14:16
entering extended mode
 restricted \write18 enabled.
 %&-line parsing enabled.
**Doc_Tesis_Mardones.tex
(./Doc_Tesis_Mardones.tex
LaTeX2e <2022-11-01> patch level 1
L3 programming layer <2023-01-16> (./templates/ut-thesis.cls
Document Class: templates/ut-thesis 2012/06/01 v2.0 graduate theses at the University of Magallanes
\@thesisfootnotesep=\skip48
\@thesismarginparpush=\skip49
(/Users/mauriciomardones/Library/TinyTeX/texmf-dist/tex/latex/base/report.cls
Document Class: report 2022/07/02 v1.4n Standard LaTeX document class
(/Users/mauriciomardones/Library/TinyTeX/texmf-dist/tex/latex/base/size10.clo
File: size10.clo 2022/07/02 v1.4n Standard LaTeX file (size option)
)
\c@part=\count185
\c@chapter=\count186
\c@section=\count187
\c@subsection=\count188
\c@subsubsection=\count189
\c@paragraph=\count190
\c@subparagraph=\count191
\c@figure=\count192
\c@table=\count193
\abovecaptionskip=\skip50
\belowcaptionskip=\skip51
\bibindent=\dimen140
) (/Users/mauriciomardones/Library/TinyTeX/texmf-dist/tex/latex/tools/calc.sty
Package: calc 2017/05/25 v4.3 Infix arithmetic (KKT,FJ)
\calc@Acount=\count194
\calc@Bcount=\count195
\calc@Adimen=\dimen141
\calc@Bdimen=\dimen142
\calc@Askip=\skip52
\calc@Bskip=\skip53
LaTeX Info: Redefining \setlength on input line 80.
LaTeX Info: Redefining \addtolength on input line 81.
\calc@Ccount=\count196
\calc@Cskip=\skip54
) (/Users/mauriciomardones/Library/TinyTeX/texmf-dist/tex/latex/geometry/geometry.sty
Package: geometry 2020/01/02 v5.9 Page Geometry
(/Users/mauriciomardones/Library/TinyTeX/texmf-dist/tex/latex/graphics/keyval.sty
Package: keyval 2022/05/29 v1.15 key=value parser (DPC)
\KV@toks@=\toks16
) (/Users/mauriciomardones/Library/TinyTeX/texmf-dist/tex/generic/iftex/ifvtex.sty
Package: ifvtex 2019/10/25 v1.7 ifvtex legacy package. Use iftex instead.
(/Users/mauriciomardones/Library/TinyTeX/texmf-dist/tex/generic/iftex/iftex.sty
Package: iftex 2022/02/03 v1.0f TeX engine tests
))
\Gm@cnth=\count197
\Gm@cntv=\count198
\c@Gm@tempcnt=\count199
\Gm@bindingoffset=\dimen143
\Gm@wd@mp=\dimen144
\Gm@odd@mp=\dimen145
\Gm@even@mp=\dimen146
\Gm@layoutwidth=\dimen147
\Gm@layoutheight=\dimen148
\Gm@layouthoffset=\dimen149
\Gm@layoutvoffset=\dimen150
\Gm@dimlist=\toks17
) (/Users/mauriciomardones/Library/TinyTeX/texmf-dist/tex/latex/setspace/setspace.sty
Package: setspace 2022/12/04 v6.7b set line spacing
) (/Users/mauriciomardones/Library/TinyTeX/texmf-dist/tex/latex/fancyvrb/fancyvrb.sty
Package: fancyvrb 2022/06/06 4.5 verbatim text (tvz,hv)
\FV@CodeLineNo=\count266
\FV@InFile=\read2
\FV@TabBox=\box51
\c@FancyVerbLine=\count267
\FV@StepNumber=\count268
\FV@OutFile=\write3
) (/Users/mauriciomardones/Library/TinyTeX/texmf-dist/tex/generic/iftex/ifxetex.sty
Package: ifxetex 2019/10/25 v0.7 ifxetex legacy package. Use iftex instead.
) (/Users/mauriciomardones/Library/TinyTeX/texmf-dist/tex/generic/iftex/ifluatex.sty
Package: ifluatex 2019/10/25 v1.5 ifluatex legacy package. Use iftex instead.
) (/Users/mauriciomardones/Library/TinyTeX/texmf-dist/tex/latex/base/fixltx2e.sty
Package: fixltx2e 2016/12/29 v2.1a fixes to LaTeX (obsolete)
Applying: [2015/01/01] Old fixltx2e package on input line 46.

Package fixltx2e Warning: fixltx2e is not required with releases after 2015
(fixltx2e)                All fixes are now in the LaTeX kernel.
(fixltx2e)                See the latexrelease package for details.

Already applied: [0000/00/00] Old fixltx2e package on input line 53.
) (/Users/mauriciomardones/Library/TinyTeX/texmf-dist/tex/latex/base/fontenc.sty
Package: fontenc 2021/04/29 v2.0v Standard LaTeX package
) (/Users/mauriciomardones/Library/TinyTeX/texmf-dist/tex/latex/base/inputenc.sty
Package: inputenc 2021/02/14 v1.3d Input encoding file
\inpenc@prehook=\toks18
\inpenc@posthook=\toks19
) (/Users/mauriciomardones/Library/TinyTeX/texmf-dist/tex/latex/graphics/color.sty
Package: color 2022/01/06 v1.3d Standard LaTeX Color (DPC)
(/Users/mauriciomardones/Library/TinyTeX/texmf-dist/tex/latex/graphics-cfg/color.cfg
File: color.cfg 2016/01/02 v1.6 sample color configuration
)
Package color Info: Driver file: pdftex.def on input line 149.
(/Users/mauriciomardones/Library/TinyTeX/texmf-dist/tex/latex/graphics-def/pdftex.def
File: pdftex.def 2022/09/22 v1.2b Graphics/color driver for pdftex
) (/Users/mauriciomardones/Library/TinyTeX/texmf-dist/tex/latex/graphics/mathcolor.ltx)) (/Users/mauriciomardones/Library/TinyTeX/texmf-dist/tex/latex/framed/framed.sty
Package: framed 2011/10/22 v 0.96: framed or shaded text with page breaks
\OuterFrameSep=\skip55
\fb@frw=\dimen151
\fb@frh=\dimen152
\FrameRule=\dimen153
\FrameSep=\dimen154
)) (/Users/mauriciomardones/Library/TinyTeX/texmf-dist/tex/latex/appendix/appendix.sty
Package: appendix 2020/02/08 v1.2c extra appendix facilities
\c@@pps=\count269
\c@@ppsavesec=\count270
\c@@ppsaveapp=\count271
) (/Users/mauriciomardones/Library/TinyTeX/texmf-dist/tex/latex/graphics/graphicx.sty
Package: graphicx 2021/09/16 v1.2d Enhanced LaTeX Graphics (DPC,SPQR)
(/Users/mauriciomardones/Library/TinyTeX/texmf-dist/tex/latex/graphics/graphics.sty
Package: graphics 2022/03/10 v1.4e Standard LaTeX Graphics (DPC,SPQR)
(/Users/mauriciomardones/Library/TinyTeX/texmf-dist/tex/latex/graphics/trig.sty
Package: trig 2021/08/11 v1.11 sin cos tan (DPC)
) (/Users/mauriciomardones/Library/TinyTeX/texmf-dist/tex/latex/graphics-cfg/graphics.cfg
File: graphics.cfg 2016/06/04 v1.11 sample graphics configuration
)
Package graphics Info: Driver file: pdftex.def on input line 107.
)
\Gin@req@height=\dimen155
\Gin@req@width=\dimen156
) (/Users/mauriciomardones/Library/TinyTeX/texmf-dist/tex/latex/base/latexsym.sty
Package: latexsym 1998/08/17 v2.2e Standard LaTeX package (lasy symbols)
\symlasy=\mathgroup4
LaTeX Font Info:    Overwriting symbol font `lasy' in version `bold'
(Font)                  U/lasy/m/n --> U/lasy/b/n on input line 52.
) (/Users/mauriciomardones/Library/TinyTeX/texmf-dist/tex/latex/amsmath/amsmath.sty
Package: amsmath 2022/04/08 v2.17n AMS math features
\@mathmargin=\skip56
For additional information on amsmath, use the `?' option.
(/Users/mauriciomardones/Library/TinyTeX/texmf-dist/tex/latex/amsmath/amstext.sty
Package: amstext 2021/08/26 v2.01 AMS text
(/Users/mauriciomardones/Library/TinyTeX/texmf-dist/tex/latex/amsmath/amsgen.sty
File: amsgen.sty 1999/11/30 v2.0 generic functions
\@emptytoks=\toks20
\ex@=\dimen157
)) (/Users/mauriciomardones/Library/TinyTeX/texmf-dist/tex/latex/amsmath/amsbsy.sty
Package: amsbsy 1999/11/29 v1.2d Bold Symbols
\pmbraise@=\dimen158
) (/Users/mauriciomardones/Library/TinyTeX/texmf-dist/tex/latex/amsmath/amsopn.sty
Package: amsopn 2022/04/08 v2.04 operator names
)
\inf@bad=\count272
LaTeX Info: Redefining \frac on input line 234.
\uproot@=\count273
\leftroot@=\count274
LaTeX Info: Redefining \overline on input line 399.
LaTeX Info: Redefining \colon on input line 410.
\classnum@=\count275
\DOTSCASE@=\count276
LaTeX Info: Redefining \ldots on input line 496.
LaTeX Info: Redefining \dots on input line 499.
LaTeX Info: Redefining \cdots on input line 620.
\Mathstrutbox@=\box52
\strutbox@=\box53
LaTeX Info: Redefining \big on input line 722.
LaTeX Info: Redefining \Big on input line 723.
LaTeX Info: Redefining \bigg on input line 724.
LaTeX Info: Redefining \Bigg on input line 725.
\big@size=\dimen159
LaTeX Font Info:    Redeclaring font encoding OML on input line 743.
LaTeX Font Info:    Redeclaring font encoding OMS on input line 744.
\macc@depth=\count277
LaTeX Info: Redefining \bmod on input line 905.
LaTeX Info: Redefining \pmod on input line 910.
LaTeX Info: Redefining \smash on input line 940.
LaTeX Info: Redefining \relbar on input line 970.
LaTeX Info: Redefining \Relbar on input line 971.
\c@MaxMatrixCols=\count278
\dotsspace@=\muskip16
\c@parentequation=\count279
\dspbrk@lvl=\count280
\tag@help=\toks21
\row@=\count281
\column@=\count282
\maxfields@=\count283
\andhelp@=\toks22
\eqnshift@=\dimen160
\alignsep@=\dimen161
\tagshift@=\dimen162
\tagwidth@=\dimen163
\totwidth@=\dimen164
\lineht@=\dimen165
\@envbody=\toks23
\multlinegap=\skip57
\multlinetaggap=\skip58
\mathdisplay@stack=\toks24
LaTeX Info: Redefining \[ on input line 2953.
LaTeX Info: Redefining \] on input line 2954.
) (/Users/mauriciomardones/Library/TinyTeX/texmf-dist/tex/latex/amsfonts/amssymb.sty
Package: amssymb 2013/01/14 v3.01 AMS font symbols
(/Users/mauriciomardones/Library/TinyTeX/texmf-dist/tex/latex/amsfonts/amsfonts.sty
Package: amsfonts 2013/01/14 v3.01 Basic AMSFonts support
\symAMSa=\mathgroup5
\symAMSb=\mathgroup6
LaTeX Font Info:    Redeclaring math symbol \hbar on input line 98.
LaTeX Font Info:    Overwriting math alphabet `\mathfrak' in version `bold'
(Font)                  U/euf/m/n --> U/euf/b/n on input line 106.
)) (/Users/mauriciomardones/Library/TinyTeX/texmf-dist/tex/latex/amscls/amsthm.sty
Package: amsthm 2020/05/29 v2.20.6
\thm@style=\toks25
\thm@bodyfont=\toks26
\thm@headfont=\toks27
\thm@notefont=\toks28
\thm@headpunct=\toks29
\thm@preskip=\skip59
\thm@postskip=\skip60
\thm@headsep=\skip61
\dth@everypar=\toks30
) (/Users/mauriciomardones/Library/TinyTeX/texmf-dist/tex/latex/tools/longtable.sty
Package: longtable 2021-09-01 v4.17 Multi-page Table package (DPC)
\LTleft=\skip62
\LTright=\skip63
\LTpre=\skip64
\LTpost=\skip65
\LTchunksize=\count284
\LTcapwidth=\dimen166
\LT@head=\box54
\LT@firsthead=\box55
\LT@foot=\box56
\LT@lastfoot=\box57
\LT@gbox=\box58
\LT@cols=\count285
\LT@rows=\count286
\c@LT@tables=\count287
\c@LT@chunks=\count288
\LT@p@ftn=\toks31
) (/Users/mauriciomardones/Library/TinyTeX/texmf-dist/tex/latex/booktabs/booktabs.sty
Package: booktabs 2020/01/12 v1.61803398 Publication quality tables
\heavyrulewidth=\dimen167
\lightrulewidth=\dimen168
\cmidrulewidth=\dimen169
\belowrulesep=\dimen170
\belowbottomsep=\dimen171
\aboverulesep=\dimen172
\abovetopsep=\dimen173
\cmidrulesep=\dimen174
\cmidrulekern=\dimen175
\defaultaddspace=\dimen176
\@cmidla=\count289
\@cmidlb=\count290
\@aboverulesep=\dimen177
\@belowrulesep=\dimen178
\@thisruleclass=\count291
\@lastruleclass=\count292
\@thisrulewidth=\dimen179
) (/Users/mauriciomardones/Library/TinyTeX/texmf-dist/tex/latex/url/url.sty
\Urlmuskip=\muskip17
Package: url 2013/09/16  ver 3.4  Verb mode for urls, etc.
) (/Users/mauriciomardones/Library/TinyTeX/texmf-dist/tex/latex/hyperref/hyperref.sty
Package: hyperref 2022-11-13 v7.00u Hypertext links for LaTeX
(/Users/mauriciomardones/Library/TinyTeX/texmf-dist/tex/generic/ltxcmds/ltxcmds.sty
Package: ltxcmds 2020-05-10 v1.25 LaTeX kernel commands for general use (HO)
) (/Users/mauriciomardones/Library/TinyTeX/texmf-dist/tex/generic/pdftexcmds/pdftexcmds.sty
Package: pdftexcmds 2020-06-27 v0.33 Utility functions of pdfTeX for LuaTeX (HO)
(/Users/mauriciomardones/Library/TinyTeX/texmf-dist/tex/generic/infwarerr/infwarerr.sty
Package: infwarerr 2019/12/03 v1.5 Providing info/warning/error messages (HO)
)
Package pdftexcmds Info: \pdf@primitive is available.
Package pdftexcmds Info: \pdf@ifprimitive is available.
Package pdftexcmds Info: \pdfdraftmode found.
) (/Users/mauriciomardones/Library/TinyTeX/texmf-dist/tex/latex/kvsetkeys/kvsetkeys.sty
Package: kvsetkeys 2022-10-05 v1.19 Key value parser (HO)
) (/Users/mauriciomardones/Library/TinyTeX/texmf-dist/tex/generic/kvdefinekeys/kvdefinekeys.sty
Package: kvdefinekeys 2019-12-19 v1.6 Define keys (HO)
) (/Users/mauriciomardones/Library/TinyTeX/texmf-dist/tex/generic/pdfescape/pdfescape.sty
Package: pdfescape 2019/12/09 v1.15 Implements pdfTeX's escape features (HO)
) (/Users/mauriciomardones/Library/TinyTeX/texmf-dist/tex/latex/hycolor/hycolor.sty
Package: hycolor 2020-01-27 v1.10 Color options for hyperref/bookmark (HO)
) (/Users/mauriciomardones/Library/TinyTeX/texmf-dist/tex/latex/letltxmacro/letltxmacro.sty
Package: letltxmacro 2019/12/03 v1.6 Let assignment for LaTeX macros (HO)
) (/Users/mauriciomardones/Library/TinyTeX/texmf-dist/tex/latex/auxhook/auxhook.sty
Package: auxhook 2019-12-17 v1.6 Hooks for auxiliary files (HO)
) (/Users/mauriciomardones/Library/TinyTeX/texmf-dist/tex/latex/hyperref/nameref.sty
Package: nameref 2022-05-17 v2.50 Cross-referencing by name of section
(/Users/mauriciomardones/Library/TinyTeX/texmf-dist/tex/latex/refcount/refcount.sty
Package: refcount 2019/12/15 v3.6 Data extraction from label references (HO)
) (/Users/mauriciomardones/Library/TinyTeX/texmf-dist/tex/generic/gettitlestring/gettitlestring.sty
Package: gettitlestring 2019/12/15 v1.6 Cleanup title references (HO)
(/Users/mauriciomardones/Library/TinyTeX/texmf-dist/tex/latex/kvoptions/kvoptions.sty
Package: kvoptions 2022-06-15 v3.15 Key value format for package options (HO)
))
\c@section@level=\count293
)
\@linkdim=\dimen180
\Hy@linkcounter=\count294
\Hy@pagecounter=\count295
(/Users/mauriciomardones/Library/TinyTeX/texmf-dist/tex/latex/hyperref/pd1enc.def
File: pd1enc.def 2022-11-13 v7.00u Hyperref: PDFDocEncoding definition (HO)
Now handling font encoding PD1 ...
... no UTF-8 mapping file for font encoding PD1
) (/Users/mauriciomardones/Library/TinyTeX/texmf-dist/tex/generic/intcalc/intcalc.sty
Package: intcalc 2019/12/15 v1.3 Expandable calculations with integers (HO)
) (/Users/mauriciomardones/Library/TinyTeX/texmf-dist/tex/generic/etexcmds/etexcmds.sty
Package: etexcmds 2019/12/15 v1.7 Avoid name clashes with e-TeX commands (HO)
)
\Hy@SavedSpaceFactor=\count296
(/Users/mauriciomardones/Library/TinyTeX/texmf-dist/tex/latex/hyperref/puenc.def
File: puenc.def 2022-11-13 v7.00u Hyperref: PDF Unicode definition (HO)
Now handling font encoding PU ...
... no UTF-8 mapping file for font encoding PU
)
Package hyperref Info: Option `colorlinks' set `true' on input line 4045.
Package hyperref Info: Hyper figures OFF on input line 4162.
Package hyperref Info: Link nesting OFF on input line 4167.
Package hyperref Info: Hyper index ON on input line 4170.
Package hyperref Info: Plain pages OFF on input line 4177.
Package hyperref Info: Backreferencing OFF on input line 4182.
Package hyperref Info: Implicit mode ON; LaTeX internals redefined.
Package hyperref Info: Bookmarks ON on input line 4410.
\c@Hy@tempcnt=\count297
LaTeX Info: Redefining \url on input line 4748.
\XeTeXLinkMargin=\dimen181
(/Users/mauriciomardones/Library/TinyTeX/texmf-dist/tex/generic/bitset/bitset.sty
Package: bitset 2019/12/09 v1.3 Handle bit-vector datatype (HO)
(/Users/mauriciomardones/Library/TinyTeX/texmf-dist/tex/generic/bigintcalc/bigintcalc.sty
Package: bigintcalc 2019/12/15 v1.5 Expandable calculations on big integers (HO)
))
\Fld@menulength=\count298
\Field@Width=\dimen182
\Fld@charsize=\dimen183
Package hyperref Info: Hyper figures OFF on input line 6027.
Package hyperref Info: Link nesting OFF on input line 6032.
Package hyperref Info: Hyper index ON on input line 6035.
Package hyperref Info: backreferencing OFF on input line 6042.
Package hyperref Info: Link coloring ON on input line 6045.
Package hyperref Info: Link coloring with OCG OFF on input line 6052.
Package hyperref Info: PDF/A mode OFF on input line 6057.
(/Users/mauriciomardones/Library/TinyTeX/texmf-dist/tex/latex/base/atbegshi-ltx.sty
Package: atbegshi-ltx 2021/01/10 v1.0c Emulation of the original atbegshi
package with kernel methods
)
\Hy@abspage=\count299
\c@Item=\count300
\c@Hfootnote=\count301
)
Package hyperref Info: Driver (autodetected): hpdftex.
(/Users/mauriciomardones/Library/TinyTeX/texmf-dist/tex/latex/hyperref/hpdftex.def
File: hpdftex.def 2022-11-13 v7.00u Hyperref driver for pdfTeX
(/Users/mauriciomardones/Library/TinyTeX/texmf-dist/tex/latex/base/atveryend-ltx.sty
Package: atveryend-ltx 2020/08/19 v1.0a Emulation of the original atveryend package
with kernel methods
)
\Fld@listcount=\count302
\c@bookmark@seq@number=\count303
(/Users/mauriciomardones/Library/TinyTeX/texmf-dist/tex/latex/rerunfilecheck/rerunfilecheck.sty
Package: rerunfilecheck 2022-07-10 v1.10 Rerun checks for auxiliary files (HO)
(/Users/mauriciomardones/Library/TinyTeX/texmf-dist/tex/generic/uniquecounter/uniquecounter.sty
Package: uniquecounter 2019/12/15 v1.4 Provide unlimited unique counter (HO)
)
Package uniquecounter Info: New unique counter `rerunfilecheck' on input line 285.
)
\Hy@SectionHShift=\skip66
) (/Users/mauriciomardones/Library/TinyTeX/texmf-dist/tex/latex/lm/lmodern.sty
Package: lmodern 2015/05/01 v1.6.1 Latin Modern Fonts
LaTeX Font Info:    Overwriting symbol font `operators' in version `normal'
(Font)                  OT1/cmr/m/n --> OT1/lmr/m/n on input line 22.
LaTeX Font Info:    Overwriting symbol font `letters' in version `normal'
(Font)                  OML/cmm/m/it --> OML/lmm/m/it on input line 23.
LaTeX Font Info:    Overwriting symbol font `symbols' in version `normal'
(Font)                  OMS/cmsy/m/n --> OMS/lmsy/m/n on input line 24.
LaTeX Font Info:    Overwriting symbol font `largesymbols' in version `normal'
(Font)                  OMX/cmex/m/n --> OMX/lmex/m/n on input line 25.
LaTeX Font Info:    Overwriting symbol font `operators' in version `bold'
(Font)                  OT1/cmr/bx/n --> OT1/lmr/bx/n on input line 26.
LaTeX Font Info:    Overwriting symbol font `letters' in version `bold'
(Font)                  OML/cmm/b/it --> OML/lmm/b/it on input line 27.
LaTeX Font Info:    Overwriting symbol font `symbols' in version `bold'
(Font)                  OMS/cmsy/b/n --> OMS/lmsy/b/n on input line 28.
LaTeX Font Info:    Overwriting symbol font `largesymbols' in version `bold'
(Font)                  OMX/cmex/m/n --> OMX/lmex/m/n on input line 29.
LaTeX Font Info:    Overwriting math alphabet `\mathbf' in version `normal'
(Font)                  OT1/cmr/bx/n --> OT1/lmr/bx/n on input line 31.
LaTeX Font Info:    Overwriting math alphabet `\mathsf' in version `normal'
(Font)                  OT1/cmss/m/n --> OT1/lmss/m/n on input line 32.
LaTeX Font Info:    Overwriting math alphabet `\mathit' in version `normal'
(Font)                  OT1/cmr/m/it --> OT1/lmr/m/it on input line 33.
LaTeX Font Info:    Overwriting math alphabet `\mathtt' in version `normal'
(Font)                  OT1/cmtt/m/n --> OT1/lmtt/m/n on input line 34.
LaTeX Font Info:    Overwriting math alphabet `\mathbf' in version `bold'
(Font)                  OT1/cmr/bx/n --> OT1/lmr/bx/n on input line 35.
LaTeX Font Info:    Overwriting math alphabet `\mathsf' in version `bold'
(Font)                  OT1/cmss/bx/n --> OT1/lmss/bx/n on input line 36.
LaTeX Font Info:    Overwriting math alphabet `\mathit' in version `bold'
(Font)                  OT1/cmr/bx/it --> OT1/lmr/bx/it on input line 37.
LaTeX Font Info:    Overwriting math alphabet `\mathtt' in version `bold'
(Font)                  OT1/cmtt/m/n --> OT1/lmtt/m/n on input line 38.
) (/Users/mauriciomardones/Library/TinyTeX/texmf-dist/tex/latex/float/float.sty
Package: float 2001/11/08 v1.3d Float enhancements (AL)
\c@float@type=\count304
\float@exts=\toks32
\float@box=\box59
\@float@everytoks=\toks33
\@floatcapt=\box60
) (/Users/mauriciomardones/Library/TinyTeX/texmf-dist/tex/latex/tools/array.sty
Package: array 2022/09/04 v2.5g Tabular extension package (FMi)
\col@sep=\dimen184
\ar@mcellbox=\box61
\extrarowheight=\dimen185
\NC@list=\toks34
\extratabsurround=\skip67
\backup@length=\skip68
\ar@cellbox=\box62
) (/Users/mauriciomardones/Library/TinyTeX/texmf-dist/tex/latex/tocloft/tocloft.sty
Package: tocloft 2017/08/31 v2.3i parameterised ToC, etc., typesetting
Package tocloft Info: The document has chapter divisions on input line 51.
\cftparskip=\skip69
\cftbeforetoctitleskip=\skip70
\cftaftertoctitleskip=\skip71
\cftbeforepartskip=\skip72
\cftpartnumwidth=\skip73
\cftpartindent=\skip74
\cftbeforechapskip=\skip75
\cftchapindent=\skip76
\cftchapnumwidth=\skip77
\cftbeforesecskip=\skip78
\cftsecindent=\skip79
\cftsecnumwidth=\skip80
\cftbeforesubsecskip=\skip81
\cftsubsecindent=\skip82
\cftsubsecnumwidth=\skip83
\cftbeforesubsubsecskip=\skip84
\cftsubsubsecindent=\skip85
\cftsubsubsecnumwidth=\skip86
\cftbeforeparaskip=\skip87
\cftparaindent=\skip88
\cftparanumwidth=\skip89
\cftbeforesubparaskip=\skip90
\cftsubparaindent=\skip91
\cftsubparanumwidth=\skip92
\cftbeforeloftitleskip=\skip93
\cftafterloftitleskip=\skip94
\cftbeforefigskip=\skip95
\cftfigindent=\skip96
\cftfignumwidth=\skip97
\c@lofdepth=\count305
\c@lotdepth=\count306
\cftbeforelottitleskip=\skip98
\cftafterlottitleskip=\skip99
\cftbeforetabskip=\skip100
\cfttabindent=\skip101
\cfttabnumwidth=\skip102
) (/Users/mauriciomardones/Library/TinyTeX/texmf-dist/tex/latex/parskip/parskip.sty
Package: parskip 2021-03-14 v2.0h non-zero parskip adjustments
(/Users/mauriciomardones/Library/TinyTeX/texmf-dist/tex/latex/etoolbox/etoolbox.sty
Package: etoolbox 2020/10/05 v2.5k e-TeX tools for LaTeX (JAW)
\etb@tempcnta=\count307
)) (/Users/mauriciomardones/Library/TinyTeX/texmf-dist/tex/latex/microtype/microtype.sty
Package: microtype 2022/06/23 v3.0f Micro-typographical refinements (RS)
\MT@toks=\toks35
\MT@tempbox=\box63
\MT@count=\count308
LaTeX Info: Redefining \noprotrusionifhmode on input line 1045.
LaTeX Info: Redefining \leftprotrusion on input line 1046.
LaTeX Info: Redefining \rightprotrusion on input line 1056.
LaTeX Info: Redefining \textls on input line 1234.
\MT@outer@kern=\dimen186
LaTeX Info: Redefining \textmicrotypecontext on input line 1858.
\MT@listname@count=\count309
(/Users/mauriciomardones/Library/TinyTeX/texmf-dist/tex/latex/microtype/microtype-pdftex.def
File: microtype-pdftex.def 2022/06/23 v3.0f Definitions specific to pdftex (RS)
LaTeX Info: Redefining \lsstyle on input line 900.
LaTeX Info: Redefining \lslig on input line 900.
\MT@outer@space=\skip103
)
Package microtype Info: Loading configuration file microtype.cfg.
(/Users/mauriciomardones/Library/TinyTeX/texmf-dist/tex/latex/microtype/microtype.cfg
File: microtype.cfg 2022/06/23 v3.0f microtype main configuration file (RS)
)) (/Users/mauriciomardones/Library/TinyTeX/texmf-dist/tex/latex/graphics/lscape.sty
Package: lscape 2020/05/28 v3.02 Landscape Pages (DPC)
)
\cslhangindent=\skip104
\csllabelwidth=\skip105
\cslentryspacingunit=\skip106
(/Users/mauriciomardones/Library/TinyTeX/texmf-dist/tex/latex/graphics/rotating.sty
Package: rotating 2016/08/11 v2.16d rotated objects in LaTeX
(/Users/mauriciomardones/Library/TinyTeX/texmf-dist/tex/latex/base/ifthen.sty
Package: ifthen 2022/04/13 v1.1d Standard LaTeX ifthen package (DPC)
)
\c@r@tfl@t=\count310
\rotFPtop=\skip107
\rotFPbot=\skip108
\rot@float@box=\box64
\rot@mess@toks=\toks36
) (/Users/mauriciomardones/Library/TinyTeX/texmf-dist/tex/latex/tablefootnote/tablefootnote.sty
Package: tablefootnote 2014/01/26 v1.1c Table foot notes (HMM)
(/Users/mauriciomardones/Library/TinyTeX/texmf-dist/tex/latex/xifthen/xifthen.sty
Package: xifthen 2015/11/05 v1.4.0 Extended ifthen features
(/Users/mauriciomardones/Library/TinyTeX/texmf-dist/tex/latex/ifmtarg/ifmtarg.sty
Package: ifmtarg 2018/04/16 v1.2b check for an empty argument
))) (/Users/mauriciomardones/Library/TinyTeX/texmf-dist/tex/latex/silence/silence.sty
Package: silence 2012/07/02 v1.5b Selective filtering of warnings and error messages
\sl@Save=\count311
\sl@StateNumber=\count312
\sl@MessageCount=\count313
\sl@Casualties=\count314
\sl@Filter=\toks37
\sl@Message=\toks38
\sl@UnexpandedMessage=\toks39
\sl@Mess@ge=\toks40
\sl@WarningCount=\count315
\sl@WarningNumber=\count316
\sl@WarningCasualties=\count317
\sl@TempBOW=\toks41
\sl@BankOfWarnings=\toks42
LaTeX Info: Redefining \GenericWarning on input line 433.
\sl@ErrorCount=\count318
\sl@ErrorNumber=\count319
\sl@ErrorCasualties=\count320
\sl@TempBOE=\toks43
\sl@BankOfErrors=\toks44
LaTeX Info: Redefining \GenericError on input line 601.
) (/Users/mauriciomardones/Library/TinyTeX/texmf-dist/tex/latex/koma-script/scrwfile.sty
Package: scrwfile 2022/10/06 v0.1.11 KOMA-Script package (write and clone files)
(/Users/mauriciomardones/Library/TinyTeX/texmf-dist/tex/latex/koma-script/scrbase.sty
Package: scrbase 2022/10/12 v3.38 KOMA-Script package (KOMA-Script-independent basics and keyval usage)
(/Users/mauriciomardones/Library/TinyTeX/texmf-dist/tex/latex/koma-script/scrlfile.sty
Package: scrlfile 2022/10/12 v3.38 KOMA-Script package (file load hooks)
(/Users/mauriciomardones/Library/TinyTeX/texmf-dist/tex/latex/koma-script/scrlfile-hook.sty
Package: scrlfile-hook 2022/10/12 v3.38 KOMA-Script package (using LaTeX hooks)
(/Users/mauriciomardones/Library/TinyTeX/texmf-dist/tex/latex/koma-script/scrlogo.sty
Package: scrlogo 2022/10/12 v3.38 KOMA-Script package (logo)
)))
Applying: [2021/05/01] Usage of raw or classic option list on input line 252.
Already applied: [0000/00/00] Usage of raw or classic option list on input line 368.
)) (/Users/mauriciomardones/Library/TinyTeX/texmf-dist/tex/latex/koma-script/tocbasic.sty
Package: tocbasic 2022/10/12 v3.38 KOMA-Script package (handling toc-files)
\scr@dte@tocline@numberwidth=\skip109
\scr@dte@tocline@numbox=\box65
)
Package tocbasic Info: omitting babel extension for `atoc'
(tocbasic)             because of missing \bbl@set@language on input line 137.
\mylen=\skip110
(/Users/mauriciomardones/Library/TinyTeX/texmf-dist/tex/latex/multirow/multirow.sty
Package: multirow 2021/03/15 v2.8 Span multiple rows of a table
\multirow@colwidth=\skip111
\multirow@cntb=\count321
\multirow@dima=\skip112
\bigstrutjot=\dimen187
) (/Users/mauriciomardones/Library/TinyTeX/texmf-dist/tex/latex/wrapfig/wrapfig.sty
\wrapoverhang=\dimen188
\WF@size=\dimen189
\c@WF@wrappedlines=\count322
\WF@box=\box66
\WF@everypar=\toks45
Package: wrapfig 2003/01/31  v 3.6
) (/Users/mauriciomardones/Library/TinyTeX/texmf-dist/tex/latex/colortbl/colortbl.sty
Package: colortbl 2022/06/20 v1.0f Color table columns (DPC)
\everycr=\toks46
\minrowclearance=\skip113
\rownum=\count323
) (/Users/mauriciomardones/Library/TinyTeX/texmf-dist/tex/latex/pdflscape/pdflscape.sty
Package: pdflscape 2022-10-27 v0.13 Display of landscape pages in PDF
(/Users/mauriciomardones/Library/TinyTeX/texmf-dist/tex/latex/pdflscape/pdflscape-nometadata.sty
Package: pdflscape-nometadata 2022-10-28 v0.13 Display of landscape pages in PDF (HO)
Package pdflscape Info: Auto-detected driver: pdftex on input line 81.
)) (/Users/mauriciomardones/Library/TinyTeX/texmf-dist/tex/latex/tabu/tabu.sty
Package: tabu 2019/01/11 v2.9 - flexible LaTeX tabulars (FC+tabu-fixed)
(/Users/mauriciomardones/Library/TinyTeX/texmf-dist/tex/latex/varwidth/varwidth.sty
Package: varwidth 2009/03/30 ver 0.92;  Variable-width minipages
\@vwid@box=\box67
\sift@deathcycles=\count324
\@vwid@loff=\dimen190
\@vwid@roff=\dimen191
)
\c@taburow=\count325
\tabu@nbcols=\count326
\tabu@cnt=\count327
\tabu@Xcol=\count328
\tabu@alloc=\count329
\tabu@nested=\count330
\tabu@target=\dimen192
\tabu@spreadtarget=\dimen193
\tabu@naturalX=\dimen194
\tabucolX=\dimen195
\tabu@Xsum=\dimen196
\extrarowdepth=\dimen197
\abovetabulinesep=\dimen198
\belowtabulinesep=\dimen199
\tabustrutrule=\dimen256
\tabu@thebody=\toks47
\tabu@footnotes=\toks48
\tabu@box=\box68
\tabu@arstrutbox=\box69
\tabu@hleads=\box70
\tabu@vleads=\box71
\tabu@cellskip=\skip114
) (/Users/mauriciomardones/Library/TinyTeX/texmf-dist/tex/latex/threeparttable/threeparttable.sty
Package: threeparttable 2003/06/13  v 3.0
\@tempboxb=\box72
) (/Users/mauriciomardones/Library/TinyTeX/texmf-dist/tex/latex/threeparttablex/threeparttablex.sty
Package: threeparttablex 2013/07/23 v0.3 by daleif
(/Users/mauriciomardones/Library/TinyTeX/texmf-dist/tex/latex/environ/environ.sty
Package: environ 2014/05/04 v0.3 A new way to define environments
(/Users/mauriciomardones/Library/TinyTeX/texmf-dist/tex/latex/trimspaces/trimspaces.sty
Package: trimspaces 2009/09/17 v1.1 Trim spaces around a token list
))
\TPTL@width=\skip115
) (/Users/mauriciomardones/Library/TinyTeX/texmf-dist/tex/generic/ulem/ulem.sty
\UL@box=\box73
\UL@hyphenbox=\box74
\UL@skip=\skip116
\UL@hook=\toks49
\UL@height=\dimen257
\UL@pe=\count331
\UL@pixel=\dimen258
\ULC@box=\box75
Package: ulem 2019/11/18
\ULdepth=\dimen259
) (/Users/mauriciomardones/Library/TinyTeX/texmf-dist/tex/latex/makecell/makecell.sty
Package: makecell 2009/08/03 V0.1e Managing of Tab Column Heads and Cells
\rotheadsize=\dimen260
\c@nlinenum=\count332
\TeXr@lab=\toks50
) (/Users/mauriciomardones/Library/TinyTeX/texmf-dist/tex/latex/xcolor/xcolor.sty
Package: xcolor 2022/06/12 v2.14 LaTeX color extensions (UK)
(/Users/mauriciomardones/Library/TinyTeX/texmf-dist/tex/latex/graphics-cfg/color.cfg
File: color.cfg 2016/01/02 v1.6 sample color configuration
)
Package xcolor Info: Driver file: pdftex.def on input line 227.
LaTeX Info: Redefining \color on input line 711.
(/Users/mauriciomardones/Library/TinyTeX/texmf-dist/tex/latex/graphics/mathcolor.ltx)
Package xcolor Info: Model `cmy' substituted by `cmy0' on input line 1353.
Package xcolor Info: Model `hsb' substituted by `rgb' on input line 1357.
Package xcolor Info: Model `RGB' extended on input line 1369.
Package xcolor Info: Model `HTML' substituted by `rgb' on input line 1371.
Package xcolor Info: Model `Hsb' substituted by `hsb' on input line 1372.
Package xcolor Info: Model `tHsb' substituted by `hsb' on input line 1373.
Package xcolor Info: Model `HSB' substituted by `hsb' on input line 1374.
Package xcolor Info: Model `Gray' substituted by `gray' on input line 1375.
Package xcolor Info: Model `wave' substituted by `hsb' on input line 1376.
) (/Users/mauriciomardones/Library/TinyTeX/texmf-dist/tex/latex/tools/multicol.sty
Package: multicol 2021/11/30 v1.9d multicolumn formatting (FMi)
\c@tracingmulticols=\count333
\mult@box=\box76
\multicol@leftmargin=\dimen261
\c@unbalance=\count334
\c@collectmore=\count335
\doublecol@number=\count336
\multicoltolerance=\count337
\multicolpretolerance=\count338
\full@width=\dimen262
\page@free=\dimen263
\premulticols=\dimen264
\postmulticols=\dimen265
\multicolsep=\skip117
\multicolbaselineskip=\skip118
\partial@page=\box77
\last@line=\box78
\maxbalancingoverflow=\dimen266
\mult@rightbox=\box79
\mult@grightbox=\box80
\mult@firstbox=\box81
\mult@gfirstbox=\box82
\@tempa=\box83
\@tempa=\box84
\@tempa=\box85
\@tempa=\box86
\@tempa=\box87
\@tempa=\box88
\@tempa=\box89
\@tempa=\box90
\@tempa=\box91
\@tempa=\box92
\@tempa=\box93
\@tempa=\box94
\@tempa=\box95
\@tempa=\box96
\@tempa=\box97
\@tempa=\box98
\@tempa=\box99
\@tempa=\box100
\@tempa=\box101
\@tempa=\box102
\@tempa=\box103
\@tempa=\box104
\@tempa=\box105
\@tempa=\box106
\@tempa=\box107
\@tempa=\box108
\@tempa=\box109
\@tempa=\box110
\@tempa=\box111
\@tempa=\box112
\@tempa=\box113
\@tempa=\box114
\@tempa=\box115
\@tempa=\box116
\@tempa=\box117
\@tempa=\box118
\c@minrows=\count339
\c@columnbadness=\count340
\c@finalcolumnbadness=\count341
\last@try=\dimen267
\multicolovershoot=\dimen268
\multicolundershoot=\dimen269
\mult@nat@firstbox=\box119
\colbreak@box=\box120
\mc@col@check@num=\count342
) (/Users/mauriciomardones/Library/TinyTeX/texmf-dist/tex/latex/tools/hhline.sty
Package: hhline 2020/01/04 v2.04 Table rule package (DPC)
)
\Oldarrayrulewidth=\skip119
\Oldtabcolsep=\skip120
LaTeX Font Info:    Trying to load font information for T1+lmr on input line 247.
(/Users/mauriciomardones/Library/TinyTeX/texmf-dist/tex/latex/lm/t1lmr.fd
File: t1lmr.fd 2015/05/01 v1.6.1 Font defs for Latin Modern
) (/Users/mauriciomardones/Library/TinyTeX/texmf-dist/tex/latex/l3backend/l3backend-pdftex.def
File: l3backend-pdftex.def 2023-01-16 L3 backend support: PDF output (pdfTeX)
\l__color_backend_stack_int=\count343
\l__pdf_internal_box=\box121
) (./Doc_Tesis_Mardones.aux)
\openout1 = `Doc_Tesis_Mardones.aux'.

LaTeX Font Info:    Checking defaults for OML/cmm/m/it on input line 247.
LaTeX Font Info:    ... okay on input line 247.
LaTeX Font Info:    Checking defaults for OMS/cmsy/m/n on input line 247.
LaTeX Font Info:    ... okay on input line 247.
LaTeX Font Info:    Checking defaults for OT1/cmr/m/n on input line 247.
LaTeX Font Info:    ... okay on input line 247.
LaTeX Font Info:    Checking defaults for T1/cmr/m/n on input line 247.
LaTeX Font Info:    ... okay on input line 247.
LaTeX Font Info:    Checking defaults for TS1/cmr/m/n on input line 247.
LaTeX Font Info:    ... okay on input line 247.
LaTeX Font Info:    Checking defaults for OMX/cmex/m/n on input line 247.
LaTeX Font Info:    ... okay on input line 247.
LaTeX Font Info:    Checking defaults for U/cmr/m/n on input line 247.
LaTeX Font Info:    ... okay on input line 247.
LaTeX Font Info:    Checking defaults for PD1/pdf/m/n on input line 247.
LaTeX Font Info:    ... okay on input line 247.
LaTeX Font Info:    Checking defaults for PU/pdf/m/n on input line 247.
LaTeX Font Info:    ... okay on input line 247.
*geometry* driver: auto-detecting
*geometry* detected driver: pdftex
*geometry* verbose mode - [ preamble ] result:
* driver: pdftex
* paper: <default>
* layout: <same size as paper>
* layoutoffset:(h,v)=(0.0pt,0.0pt)
* modes: 
* h-part:(L,W,R)=(90.3375pt, 451.68752pt, 72.26999pt)
* v-part:(T,H,B)=(72.26999pt, 650.43001pt, 72.26999pt)
* \paperwidth=614.295pt
* \paperheight=794.96999pt
* \textwidth=451.68752pt
* \textheight=650.43001pt
* \oddsidemargin=18.0675pt
* \evensidemargin=18.0675pt
* \topmargin=-36.135pt
* \headheight=12.0pt
* \headsep=24.135pt
* \topskip=10.0pt
* \footskip=36.135pt
* \marginparwidth=54.2025pt
* \marginparsep=9.03374pt
* \columnsep=10.0pt
* \skip\footins=9.0pt plus 4.0pt minus 2.0pt
* \hoffset=0.0pt
* \voffset=0.0pt
* \mag=1000
* \@twocolumnfalse
* \@twosidefalse
* \@mparswitchfalse
* \@reversemarginfalse
* (1in=72.27pt=25.4mm, 1cm=28.453pt)

(/Users/mauriciomardones/Library/TinyTeX/texmf-dist/tex/latex/epstopdf-pkg/epstopdf-base.sty
Package: epstopdf-base 2020-01-24 v2.11 Base part for package epstopdf
Package epstopdf-base Info: Redefining graphics rule for `.eps' on input line 485.
(/Users/mauriciomardones/Library/TinyTeX/texmf-dist/tex/latex/latexconfig/epstopdf-sys.cfg
File: epstopdf-sys.cfg 2010/07/13 v1.3 Configuration of (r)epstopdf for TeX Live
))
Package hyperref Info: Link coloring ON on input line 247.
(./Doc_Tesis_Mardones.out) (./Doc_Tesis_Mardones.out)
\@outlinefile=\write4
\openout4 = `Doc_Tesis_Mardones.out'.

LaTeX Info: Redefining \microtypecontext on input line 247.
Package microtype Info: Applying patch `item' on input line 247.
Package microtype Info: Applying patch `toc' on input line 247.
Package microtype Info: Applying patch `eqnum' on input line 247.

Package microtype Warning: Unable to apply patch `footnote' on input line 247.

Package microtype Info: Generating PDF output.
Package microtype Info: Character protrusion enabled (level 2).
Package microtype Info: Using default protrusion set `alltext'.
Package microtype Info: Automatic font expansion enabled (level 2),
(microtype)             stretch: 20, shrink: 20, step: 1, non-selected.
Package microtype Info: Using default expansion set `alltext-nott'.
LaTeX Info: Redefining \showhyphens on input line 247.
Package microtype Info: No adjustment of tracking.
Package microtype Info: No adjustment of interword spacing.
Package microtype Info: No adjustment of character kerning.
(/Users/mauriciomardones/Library/TinyTeX/texmf-dist/tex/latex/microtype/mt-cmr.cfg
File: mt-cmr.cfg 2013/05/19 v2.2 microtype config. file: Computer Modern Roman (RS)
)
Package scrwfile Info: Using immediate redefinition of `\@starttoc' on input line 247.
Package scrwfile Info: Extending `\@starttoc`  on input line 247.
<figures/logoUMAG.jpg, id=111, 224.84pt x 225.84375pt>
File: figures/logoUMAG.jpg Graphic file (type jpg)
<use figures/logoUMAG.jpg>
Package pdftex.def Info: figures/logoUMAG.jpg  used on input line 254.
(pdftex.def)             Requested size: 113.81102pt x 114.3207pt.
Package microtype Info: Character `029' is missing
(microtype)             in font `T1/lmr/m/sc/12'.
(microtype)             Ignoring protrusion settings for this character.

LaTeX Font Warning: Font shape `T1/lmr/m/scit' undefined
(Font)              using `T1/lmr/m/scsl' instead on input line 254.

[1

{/Users/mauriciomardones/Library/TinyTeX/texmf-var/fonts/map/pdftex/updmap/pdftex.map} <./figures/logoUMAG.jpg>] [2

] [3] [4] [5

] [6


] (./Doc_Tesis_Mardones.toc
LaTeX Font Info:    Trying to load font information for OT1+lmr on input line 1.
(/Users/mauriciomardones/Library/TinyTeX/texmf-dist/tex/latex/lm/ot1lmr.fd
File: ot1lmr.fd 2015/05/01 v1.6.1 Font defs for Latin Modern
)
LaTeX Font Info:    Trying to load font information for OML+lmm on input line 1.
(/Users/mauriciomardones/Library/TinyTeX/texmf-dist/tex/latex/lm/omllmm.fd
File: omllmm.fd 2015/05/01 v1.6.1 Font defs for Latin Modern
)
LaTeX Font Info:    Trying to load font information for OMS+lmsy on input line 1.
(/Users/mauriciomardones/Library/TinyTeX/texmf-dist/tex/latex/lm/omslmsy.fd
File: omslmsy.fd 2015/05/01 v1.6.1 Font defs for Latin Modern
)
LaTeX Font Info:    Trying to load font information for OMX+lmex on input line 1.
(/Users/mauriciomardones/Library/TinyTeX/texmf-dist/tex/latex/lm/omxlmex.fd
File: omxlmex.fd 2015/05/01 v1.6.1 Font defs for Latin Modern
)
LaTeX Font Info:    External font `lmex10' loaded for size
(Font)              <10> on input line 1.
LaTeX Font Info:    External font `lmex10' loaded for size
(Font)              <7> on input line 1.
LaTeX Font Info:    External font `lmex10' loaded for size
(Font)              <5> on input line 1.
LaTeX Font Info:    Trying to load font information for U+lasy on input line 1.
(/Users/mauriciomardones/Library/TinyTeX/texmf-dist/tex/latex/base/ulasy.fd
File: ulasy.fd 1998/08/17 v2.2e LaTeX symbol font definitions
)
LaTeX Font Info:    Trying to load font information for U+msa on input line 1.
(/Users/mauriciomardones/Library/TinyTeX/texmf-dist/tex/latex/amsfonts/umsa.fd
File: umsa.fd 2013/01/14 v3.01 AMS symbols A
) (/Users/mauriciomardones/Library/TinyTeX/texmf-dist/tex/latex/microtype/mt-msa.cfg
File: mt-msa.cfg 2006/02/04 v1.1 microtype config. file: AMS symbols (a) (RS)
)
LaTeX Font Info:    Trying to load font information for U+msb on input line 1.
(/Users/mauriciomardones/Library/TinyTeX/texmf-dist/tex/latex/amsfonts/umsb.fd
File: umsb.fd 2013/01/14 v3.01 AMS symbols B
) (/Users/mauriciomardones/Library/TinyTeX/texmf-dist/tex/latex/microtype/mt-msb.cfg
File: mt-msb.cfg 2005/06/01 v1.0 microtype config. file: AMS symbols (b) (RS)
)) [7] (./Doc_Tesis_Mardones.lof) [8] (./Doc_Tesis_Mardones.lot) [9] [1


] [2]
Chapter 1.
[3

] [4] [5] [6]
<figures/Esquema2.png, id=255, 908.193pt x 477.639pt>
File: figures/Esquema2.png Graphic file (type png)
<use figures/Esquema2.png>
Package pdftex.def Info: figures/Esquema2.png  used on input line 442.
(pdftex.def)             Requested size: 650.43001pt x 342.07048pt.
[7
pdfTeX warning (ext4): destination with the same identifier (name{figure.1.1}) has been already used, duplicate ignored
<argument> ...shipout:D \box_use:N \l_shipout_box 
                                                  \__shipout_drop_firstpage_...
l.446 \end{landscape}
                      <./figures/Esquema2.png>]
Chapter 2.
<figures/Exa.png, id=280, 1211.02437pt x 596.72937pt>
File: figures/Exa.png Graphic file (type png)
<use figures/Exa.png>
Package pdftex.def Info: figures/Exa.png  used on input line 464.
(pdftex.def)             Requested size: 451.68752pt x 222.57104pt.
[8



] [9
pdfTeX warning (ext4): destination with the same identifier (name{figure.2.1}) has been already used, duplicate ignored
<argument> ...shipout:D \box_use:N \l_shipout_box 
                                                  \__shipout_drop_firstpage_...
l.472 
       <./figures/Exa.png>]
LaTeX Font Info:    Trying to load font information for TS1+lmr on input line 473.
(/Users/mauriciomardones/Library/TinyTeX/texmf-dist/tex/latex/lm/ts1lmr.fd
File: ts1lmr.fd 2015/05/01 v1.6.1 Font defs for Latin Modern
) [10] [11] [12]
<figures/Krill.pdf, id=392, 416.55624pt x 324.21124pt>
File: figures/Krill.pdf Graphic file (type pdf)
<use figures/Krill.pdf>
Package pdftex.def Info: figures/Krill.pdf  used on input line 514.
(pdftex.def)             Requested size: 316.17987pt x 246.09639pt.
[13
pdfTeX warning (ext4): destination with the same identifier (name{figure.2.2}) has been already used, duplicate ignored
<argument> ...shipout:D \box_use:N \l_shipout_box 
                                                  \__shipout_drop_firstpage_...
l.522 
       <./figures/Krill.pdf>]
Underfull \vbox (badness 3568) has occurred while \output is active []

[14]
<figures/Pinones.png, id=427, 443.6575pt x 225.84375pt>
File: figures/Pinones.png Graphic file (type png)
<use figures/Pinones.png>
Package pdftex.def Info: figures/Pinones.png  used on input line 551.
(pdftex.def)             Requested size: 451.68752pt x 229.93025pt.

Underfull \vbox (badness 10000) has occurred while \output is active []

[15]
Underfull \hbox (badness 1112) in paragraph at lines 566--567
[]\T1/lmr/bx/n/10 (+20) We hy-poth-e-size that en-vi-ron-men-tal vari-abil-ity in the South-ern Ocean---
 []


Underfull \vbox (badness 2042) has occurred while \output is active []

[16
pdfTeX warning (ext4): destination with the same identifier (name{figure.2.3}) has been already used, duplicate ignored
<argument> ...shipout:D \box_use:N \l_shipout_box 
                                                  \__shipout_drop_firstpage_...
l.573 
       <./figures/Pinones.png>]
Overfull \hbox (15.50125pt too wide) in alignment at lines 586--594
 [] [] [] [] [] 
 []


Overfull \hbox (15.50125pt too wide) in alignment at lines 594--600
 [] [] [] [] [] 
 []


Overfull \hbox (15.50125pt too wide) in alignment at lines 600--606
 [] [] [] [] [] 
 []


Overfull \hbox (15.50125pt too wide) in alignment at lines 606--628
 [] [] [] [] [] 
 []


LaTeX Warning: Reference `fig:Figure1' on page 17 undefined on input line 643.

<figures/var_env.png, id=461, 807.015pt x 937.5025pt>
File: figures/var_env.png Graphic file (type png)
<use figures/var_env.png>
Package pdftex.def Info: figures/var_env.png  used on input line 647.
(pdftex.def)             Requested size: 383.93713pt x 446.01927pt.
[17]
LaTeX Font Info:    Trying to load font information for T1+lmtt on input line 659.
(/Users/mauriciomardones/Library/TinyTeX/texmf-dist/tex/latex/lm/t1lmtt.fd
File: t1lmtt.fd 2015/05/01 v1.6.1 Font defs for Latin Modern
)
Package microtype Info: Loading generic protrusion settings for font family
(microtype)             `lmtt' (encoding: T1).
(microtype)             For optimal results, create family-specific settings.
(microtype)             See the microtype manual for details.
[18
pdfTeX warning (ext4): destination with the same identifier (name{figure.2.4}) has been already used, duplicate ignored
<argument> ...shipout:D \box_use:N \l_shipout_box 
                                                  \__shipout_drop_firstpage_...
l.672 \end{verbatim}
                     <./figures/var_env.png>]
<Doc_Tesis_Mardones_files/figure-latex/Figure2-1.pdf, id=481, 469.755pt x 325.215pt>
File: Doc_Tesis_Mardones_files/figure-latex/Figure2-1.pdf Graphic file (type pdf)
<use Doc_Tesis_Mardones_files/figure-latex/Figure2-1.pdf>
Package pdftex.def Info: Doc_Tesis_Mardones_files/figure-latex/Figure2-1.pdf  used on input line 676.
(pdftex.def)             Requested size: 451.68752pt x 312.70901pt.
<Doc_Tesis_Mardones_files/figure-latex/Figure2-2.pdf, id=482, 469.755pt x 325.215pt>
File: Doc_Tesis_Mardones_files/figure-latex/Figure2-2.pdf Graphic file (type pdf)
<use Doc_Tesis_Mardones_files/figure-latex/Figure2-2.pdf>
Package pdftex.def Info: Doc_Tesis_Mardones_files/figure-latex/Figure2-2.pdf  used on input line 676.
(pdftex.def)             Requested size: 451.68752pt x 312.70901pt.

Underfull \vbox (badness 10000) has occurred while \output is active []

[19]
Overfull \vbox (2.93245pt too high) has occurred while \output is active []

[20
pdfTeX warning (ext4): destination with the same identifier (name{figure.2.5}) has been already used, duplicate ignored
<argument> ...shipout:D \box_use:N \l_shipout_box 
                                                  \__shipout_drop_firstpage_...
l.682 
       <./Doc_Tesis_Mardones_files/figure-latex/Figure2-1.pdf> <./Doc_Tesis_Mardones_files/figure-latex/Figure2-2.pdf>]
<Doc_Tesis_Mardones_files/figure-latex/Figure3-1.pdf, id=504, 469.755pt x 325.215pt>
File: Doc_Tesis_Mardones_files/figure-latex/Figure3-1.pdf Graphic file (type pdf)
<use Doc_Tesis_Mardones_files/figure-latex/Figure3-1.pdf>
Package pdftex.def Info: Doc_Tesis_Mardones_files/figure-latex/Figure3-1.pdf  used on input line 713.
(pdftex.def)             Requested size: 361.35138pt x 250.1682pt.
[21
pdfTeX warning (ext4): destination with the same identifier (name{figure.2.6}) has been already used, duplicate ignored
<argument> ...shipout:D \box_use:N \l_shipout_box 
                                                  \__shipout_drop_firstpage_...
l.723 
       <./Doc_Tesis_Mardones_files/figure-latex/Figure3-1.pdf>]
Underfull \hbox (badness 10000) in paragraph at lines 728--730

 []


Underfull \hbox (badness 10000) in paragraph at lines 730--732

 []

<Doc_Tesis_Mardones_files/figure-latex/Figure4-1.pdf, id=528, 469.755pt x 325.215pt>
File: Doc_Tesis_Mardones_files/figure-latex/Figure4-1.pdf Graphic file (type pdf)
<use Doc_Tesis_Mardones_files/figure-latex/Figure4-1.pdf>
Package pdftex.def Info: Doc_Tesis_Mardones_files/figure-latex/Figure4-1.pdf  used on input line 741.
(pdftex.def)             Requested size: 361.35138pt x 250.1682pt.

Underfull \vbox (badness 10000) has occurred while \output is active []

[22]
LaTeX Font Info:    Font shape `T1/lmtt/bx/n' in size <10> not available
(Font)              Font shape `T1/lmtt/b/n' tried instead on input line 748.
[23
pdfTeX warning (ext4): destination with the same identifier (name{figure.2.7}) has been already used, duplicate ignored
<argument> ...shipout:D \box_use:N \l_shipout_box 
                                                  \__shipout_drop_firstpage_...
l.754 
       <./Doc_Tesis_Mardones_files/figure-latex/Figure4-1.pdf>]
Overfull \hbox (33.27306pt too wide) detected at line 790
[] \OML/lmm/m/it/10 LENGTH[]P\OT1/lmr/m/n/10 75[] = \OML/lmm/m/it/10 ^^L[] \OT1/lmr/m/n/10 + \OML/lmm/m/it/10 ^^L[]ID[] \OT1/lmr/m/n/10 + \OML/lmm/m/it/10 ^^L[]seaice[] \OT1/lmr/m/n/10 + \OML/lmm/m/it/10 ^^L[]SST[] \OT1/lmr/m/n/10 + \OML/lmm/m/it/10 ^^L[]Chla[] \OT1/lmr/m/n/10 + \OML/lmm/m/it/10 ^^L[]\OT1/lmr/m/n/10 (\OML/lmm/m/it/10 SST \OMS/lmsy/m/n/10 ^^B \OML/lmm/m/it/10 Chla\OT1/lmr/m/n/10 )[] + (1\OMS/lmsy/m/n/10 j\OML/lmm/m/it/10 YEAR[]\OT1/lmr/m/n/10 ) + \OML/lmm/m/it/10 ^^O[]
 []


Underfull \vbox (badness 1642) has occurred while \output is active []

[24]
<Doc_Tesis_Mardones_files/figure-latex/Figure5-1.pdf, id=563, 469.755pt x 325.215pt>
File: Doc_Tesis_Mardones_files/figure-latex/Figure5-1.pdf Graphic file (type pdf)
<use Doc_Tesis_Mardones_files/figure-latex/Figure5-1.pdf>
Package pdftex.def Info: Doc_Tesis_Mardones_files/figure-latex/Figure5-1.pdf  used on input line 827.
(pdftex.def)             Requested size: 361.35138pt x 250.1682pt.
[25
pdfTeX warning (ext4): destination with the same identifier (name{table.2.2}) has been already used, duplicate ignored
<argument> ...shipout:D \box_use:N \l_shipout_box 
                                                  \__shipout_drop_firstpage_...
l.837 
      
pdfTeX warning (ext4): destination with the same identifier (name{figure.2.8}) has been already used, duplicate ignored
<argument> ...shipout:D \box_use:N \l_shipout_box 
                                                  \__shipout_drop_firstpage_...
l.837 
       <./Doc_Tesis_Mardones_files/figure-latex/Figure5-1.pdf>]
<Doc_Tesis_Mardones_files/figure-latex/Figure6-1.pdf, id=579, 469.755pt x 325.215pt>
File: Doc_Tesis_Mardones_files/figure-latex/Figure6-1.pdf Graphic file (type pdf)
<use Doc_Tesis_Mardones_files/figure-latex/Figure6-1.pdf>
Package pdftex.def Info: Doc_Tesis_Mardones_files/figure-latex/Figure6-1.pdf  used on input line 846.
(pdftex.def)             Requested size: 361.35138pt x 250.1682pt.

Underfull \vbox (badness 3375) has occurred while \output is active []

[26
pdfTeX warning (ext4): destination with the same identifier (name{figure.2.9}) has been already used, duplicate ignored
<argument> ...shipout:D \box_use:N \l_shipout_box 
                                                  \__shipout_drop_firstpage_...
l.857 
       <./Doc_Tesis_Mardones_files/figure-latex/Figure6-1.pdf>] [27]
Chapter 3.
[28

] [29]
Chapter 4.
[30

] [31]
Chapter 5.
[32

] [33]
Chapter 6.
[34

]
<figures/Exa11.pdf, id=630, 301.125pt x 393.47pt>
File: figures/Exa11.pdf Graphic file (type pdf)
<use figures/Exa11.pdf>
Package pdftex.def Info: figures/Exa11.pdf  used on input line 973.
(pdftex.def)             Requested size: 203.26437pt x 260.1653pt.
<figures/Exa12.pdf, id=631, 298.11375pt x 411.5375pt>
File: figures/Exa12.pdf Graphic file (type pdf)
<use figures/Exa12.pdf>
Package pdftex.def Info: figures/Exa12.pdf  used on input line 973.
(pdftex.def)             Requested size: 203.25598pt x 260.16797pt.
[35
pdfTeX warning (ext4): destination with the same identifier (name{figure.6.1}) has been already used, duplicate ignored
<argument> ...shipout:D \box_use:N \l_shipout_box 
                                                  \__shipout_drop_firstpage_...
l.986 \chapter*{References}\label{references}}
                                               <./figures/Exa11.pdf> <./figures/Exa12.pdf>] [36

]
Underfull \hbox (badness 1688) in paragraph at lines 1062--1064
 []\T1/lmr/m/n/10 (+20) Lovenduski, N. S., & Gru-ber, N. (2005). Im-pact of the South-ern An-nu-lar Mode on
 []


Underfull \hbox (badness 2073) in paragraph at lines 1062--1064
 \T1/lmr/m/n/10 (+20) South-ern Ocean cir-cu-la-tion and bi-ol-ogy. \T1/lmr/m/it/10 (+20) Geo-phys-i-cal Re-search Let-ters\T1/lmr/m/n/10 (+20) , \T1/lmr/m/it/10 (+20) 32\T1/lmr/m/n/10 (+20) (11), 1--4.
 []


Underfull \vbox (badness 10000) has occurred while \output is active []

[37]
Overfull \hbox (31.17728pt too wide) in paragraph at lines 1092--1094
 \T1/lmr/m/n/10 (-20) ther-mal tol-er-ance in an-i-mals. \T1/lmr/m/it/10 (-20) Natur-wis-senschaften\T1/lmr/m/n/10 (-20) , \T1/lmr/m/it/10 (-20) 88\T1/lmr/m/n/10 (-20) (4), 137--146. http://doi.org/[][]10.1007/s001140100216[][] 
 []


Underfull \hbox (badness 1540) in paragraph at lines 1104--1106
 \T1/lmr/m/n/10 (+20) South-ern Ocean Krill Growth Habi-tat. \T1/lmr/m/it/10 (+20) Fron-tiers in Ma-rine Sci-ence\T1/lmr/m/n/10 (+20) , \T1/lmr/m/it/10 (+20) 8\T1/lmr/m/n/10 (+20) (June), 1--15.
 []


Underfull \vbox (badness 10000) has occurred while \output is active []

[38] [39]
Appendix A.
[40


]
Appendix B.
[41

]
\openout2 = `Doc_Tesis_Mardones.wrt'.

(./Doc_Tesis_Mardones.aux)
\openout2 = `Doc_Tesis_Mardones.toc'.

(./Doc_Tesis_Mardones.wrt)
\openout2 = `Doc_Tesis_Mardones.lof'.

(./Doc_Tesis_Mardones.wrt)
\openout2 = `Doc_Tesis_Mardones.lot'.

(./Doc_Tesis_Mardones.wrt)

LaTeX Warning: There were undefined references.

Package rerunfilecheck Info: File `Doc_Tesis_Mardones.out' has not changed.
(rerunfilecheck)             Checksum: F0E147E9DD0C87F8B796CC365DF09E72;5224.
 ) 
Here is how much of TeX's memory you used:
 17690 strings out of 478033
 298456 string characters out of 5838239
 1865330 words of memory out of 5000000
 37015 multiletter control sequences out of 15000+600000
 597279 words of font info for 193 fonts, out of 8000000 for 9000
 14 hyphenation exceptions out of 8191
 94i,10n,92p,3714b,617s stack positions out of 10000i,1000n,20000p,200000b,200000s

pdfTeX warning (dest): name{ref-Ludecke2024} has been referenced but does not exist, replaced by a fixed one

{/Users/mauriciomardones/Library/TinyTeX/texmf-dist/fonts/enc/dvips/lm/lm-ec.enc}{/Users/mauriciomardones/Library/TinyTeX/texmf-dist/fonts/enc/dvips/lm/lm-rm.enc}{/Users/mauriciomardones/Library/TinyTeX/texmf-dist/fonts/enc/dvips/lm/lm-mathit.enc}{/Users/mauriciomardones/Library/TinyTeX/texmf-dist/fonts/enc/dvips/lm/lm-mathex.enc}{/Users/mauriciomardones/Library/TinyTeX/texmf-dist/fonts/enc/dvips/lm/lm-mathsy.enc}{/Users/mauriciomardones/Library/TinyTeX/texmf-dist/fonts/enc/dvips/lm/lm-ts1.enc}</Users/mauriciomardones/Library/TinyTeX/texmf-dist/fonts/type1/public/lm/lmbx10.pfb></Users/mauriciomardones/Library/TinyTeX/texmf-dist/fonts/type1/public/lm/lmbx12.pfb></Users/mauriciomardones/Library/TinyTeX/texmf-dist/fonts/type1/public/lm/lmbxi10.pfb></Users/mauriciomardones/Library/TinyTeX/texmf-dist/fonts/type1/public/lm/lmcsc10.pfb></Users/mauriciomardones/Library/TinyTeX/texmf-dist/fonts/type1/public/lm/lmcsco10.pfb></Users/mauriciomardones/Library/TinyTeX/texmf-dist/fonts/type1/public/lm/lmex10.pfb></Users/mauriciomardones/Library/TinyTeX/texmf-dist/fonts/type1/public/lm/lmmi10.pfb></Users/mauriciomardones/Library/TinyTeX/texmf-dist/fonts/type1/public/lm/lmmi7.pfb></Users/mauriciomardones/Library/TinyTeX/texmf-dist/fonts/type1/public/lm/lmr10.pfb></Users/mauriciomardones/Library/TinyTeX/texmf-dist/fonts/type1/public/lm/lmr12.pfb></Users/mauriciomardones/Library/TinyTeX/texmf-dist/fonts/type1/public/lm/lmr7.pfb></Users/mauriciomardones/Library/TinyTeX/texmf-dist/fonts/type1/public/lm/lmri10.pfb></Users/mauriciomardones/Library/TinyTeX/texmf-dist/fonts/type1/public/lm/lmsy10.pfb></Users/mauriciomardones/Library/TinyTeX/texmf-dist/fonts/type1/public/lm/lmtk10.pfb></Users/mauriciomardones/Library/TinyTeX/texmf-dist/fonts/type1/public/lm/lmtt10.pfb>
Output written on Doc_Tesis_Mardones.pdf (50 pages, 1980468 bytes).
PDF statistics:
 836 PDF objects out of 1000 (max. 8388607)
 713 compressed objects within 8 object streams
 175 named destinations out of 1000 (max. 500000)
 48415 words of extra memory for PDF output out of 51595 (max. 10000000)

